<?xml version="1.0" encoding="UTF-8"?>
<testsuite xmlns:xsi="http://www.w3.org/2001/XMLSchema-instance" xsi:noNamespaceSchemaLocation="https://maven.apache.org/surefire/maven-surefire-plugin/xsd/surefire-test-report.xsd" name="TestSuite" time="38.765" tests="27" errors="0" skipped="0" failures="0">
  <properties>
    <property name="gopherProxySet" value="false"/>
    <property name="awt.toolkit" value="sun.lwawt.macosx.LWCToolkit"/>
    <property name="file.encoding.pkg" value="sun.io"/>
    <property name="java.specification.version" value="1.8"/>
    <property name="sun.cpu.isalist" value=""/>
    <property name="sun.jnu.encoding" value="UTF-8"/>
    <property name="java.class.path" value="/Users/imransayyed/Work/RestApiAutomation/RestAPITest/target/test-classes:/Users/imransayyed/Work/RestApiAutomation/RestAPITest/target/classes:/Users/imransayyed/.m2/repository/org/seleniumhq/selenium/selenium-java/3.141.59/selenium-java-3.141.59.jar:/Users/imransayyed/.m2/repository/org/seleniumhq/selenium/selenium-api/3.141.59/selenium-api-3.141.59.jar:/Users/imransayyed/.m2/repository/org/seleniumhq/selenium/selenium-chrome-driver/3.141.59/selenium-chrome-driver-3.141.59.jar:/Users/imransayyed/.m2/repository/org/seleniumhq/selenium/selenium-edge-driver/3.141.59/selenium-edge-driver-3.141.59.jar:/Users/imransayyed/.m2/repository/org/seleniumhq/selenium/selenium-firefox-driver/3.141.59/selenium-firefox-driver-3.141.59.jar:/Users/imransayyed/.m2/repository/org/seleniumhq/selenium/selenium-ie-driver/3.141.59/selenium-ie-driver-3.141.59.jar:/Users/imransayyed/.m2/repository/org/seleniumhq/selenium/selenium-opera-driver/3.141.59/selenium-opera-driver-3.141.59.jar:/Users/imransayyed/.m2/repository/org/seleniumhq/selenium/selenium-remote-driver/3.141.59/selenium-remote-driver-3.141.59.jar:/Users/imransayyed/.m2/repository/org/seleniumhq/selenium/selenium-support/3.141.59/selenium-support-3.141.59.jar:/Users/imransayyed/.m2/repository/net/bytebuddy/byte-buddy/1.8.15/byte-buddy-1.8.15.jar:/Users/imransayyed/.m2/repository/org/apache/commons/commons-exec/1.3/commons-exec-1.3.jar:/Users/imransayyed/.m2/repository/com/google/guava/guava/25.0-jre/guava-25.0-jre.jar:/Users/imransayyed/.m2/repository/com/google/code/findbugs/jsr305/1.3.9/jsr305-1.3.9.jar:/Users/imransayyed/.m2/repository/org/checkerframework/checker-compat-qual/2.0.0/checker-compat-qual-2.0.0.jar:/Users/imransayyed/.m2/repository/com/google/errorprone/error_prone_annotations/2.1.3/error_prone_annotations-2.1.3.jar:/Users/imransayyed/.m2/repository/com/google/j2objc/j2objc-annotations/1.1/j2objc-annotations-1.1.jar:/Users/imransayyed/.m2/repository/org/codehaus/mojo/animal-sniffer-annotations/1.14/animal-sniffer-annotations-1.14.jar:/Users/imransayyed/.m2/repository/com/squareup/okhttp3/okhttp/3.11.0/okhttp-3.11.0.jar:/Users/imransayyed/.m2/repository/com/squareup/okio/okio/1.14.0/okio-1.14.0.jar:/Users/imransayyed/.m2/repository/org/testng/testng/6.14.3/testng-6.14.3.jar:/Users/imransayyed/.m2/repository/com/beust/jcommander/1.72/jcommander-1.72.jar:/Users/imransayyed/.m2/repository/org/apache-extras/beanshell/bsh/2.0b6/bsh-2.0b6.jar:/Users/imransayyed/.m2/repository/com/fasterxml/jackson/core/jackson-databind/2.11.2/jackson-databind-2.11.2.jar:/Users/imransayyed/.m2/repository/com/fasterxml/jackson/core/jackson-annotations/2.11.2/jackson-annotations-2.11.2.jar:/Users/imransayyed/.m2/repository/com/fasterxml/jackson/core/jackson-core/2.11.2/jackson-core-2.11.2.jar:/Users/imransayyed/.m2/repository/org/apache/httpcomponents/httpclient/4.5.9/httpclient-4.5.9.jar:/Users/imransayyed/.m2/repository/org/apache/httpcomponents/httpcore/4.4.11/httpcore-4.4.11.jar:/Users/imransayyed/.m2/repository/commons-logging/commons-logging/1.2/commons-logging-1.2.jar:/Users/imransayyed/.m2/repository/commons-codec/commons-codec/1.11/commons-codec-1.11.jar:/Users/imransayyed/.m2/repository/org/apache/httpcomponents/httpasyncclient/4.1.1/httpasyncclient-4.1.1.jar:/Users/imransayyed/.m2/repository/org/apache/httpcomponents/httpcore-nio/4.4.4/httpcore-nio-4.4.4.jar:/Users/imransayyed/.m2/repository/org/apache/httpcomponents/httpmime/4.3.3/httpmime-4.3.3.jar:/Users/imransayyed/.m2/repository/org/json/json/20140107/json-20140107.jar:/Users/imransayyed/.m2/repository/org/seleniumhq/selenium/selenium-safari-driver/3.14.0/selenium-safari-driver-3.14.0.jar:/Users/imransayyed/.m2/repository/com/mashape/unirest/unirest-java/1.4.9/unirest-java-1.4.9.jar:/Users/imransayyed/.m2/repository/javax/mail/mail/1.4/mail-1.4.jar:/Users/imransayyed/.m2/repository/javax/activation/activation/1.1/activation-1.1.jar:/Users/imransayyed/.m2/repository/com/aventstack/extentreports/4.0.9/extentreports-4.0.9.jar:/Users/imransayyed/.m2/repository/org/freemarker/freemarker/2.3.23/freemarker-2.3.23.jar:/Users/imransayyed/.m2/repository/org/mongodb/mongodb-driver/3.3.0/mongodb-driver-3.3.0.jar:/Users/imransayyed/.m2/repository/org/mongodb/mongodb-driver-core/3.3.0/mongodb-driver-core-3.3.0.jar:/Users/imransayyed/.m2/repository/org/mongodb/bson/3.3.0/bson-3.3.0.jar:/Users/imransayyed/.m2/repository/com/google/code/gson/gson/2.8.5/gson-2.8.5.jar:/Users/imransayyed/.m2/repository/commons-io/commons-io/2.6/commons-io-2.6.jar:/Users/imransayyed/.m2/repository/com/relevantcodes/extentreports/2.41.2/extentreports-2.41.2.jar:/Users/imransayyed/.m2/repository/org/jsoup/jsoup/1.8.3/jsoup-1.8.3.jar:/Users/imransayyed/.m2/repository/org/xerial/sqlite-jdbc/3.8.11.1/sqlite-jdbc-3.8.11.1.jar:/Users/imransayyed/.m2/repository/org/apache/poi/poi/4.1.2/poi-4.1.2.jar:/Users/imransayyed/.m2/repository/org/apache/commons/commons-collections4/4.4/commons-collections4-4.4.jar:/Users/imransayyed/.m2/repository/org/apache/commons/commons-math3/3.6.1/commons-math3-3.6.1.jar:/Users/imransayyed/.m2/repository/com/zaxxer/SparseBitSet/1.2/SparseBitSet-1.2.jar:/Users/imransayyed/.m2/repository/org/apache/poi/poi-ooxml/4.1.2/poi-ooxml-4.1.2.jar:/Users/imransayyed/.m2/repository/org/apache/poi/poi-ooxml-schemas/4.1.2/poi-ooxml-schemas-4.1.2.jar:/Users/imransayyed/.m2/repository/org/apache/xmlbeans/xmlbeans/3.1.0/xmlbeans-3.1.0.jar:/Users/imransayyed/.m2/repository/org/apache/commons/commons-compress/1.19/commons-compress-1.19.jar:/Users/imransayyed/.m2/repository/com/github/virtuald/curvesapi/1.06/curvesapi-1.06.jar:/Users/imransayyed/.m2/repository/io/rest-assured/rest-assured/4.3.1/rest-assured-4.3.1.jar:/Users/imransayyed/.m2/repository/org/codehaus/groovy/groovy/3.0.3/groovy-3.0.3.jar:/Users/imransayyed/.m2/repository/org/codehaus/groovy/groovy-xml/3.0.3/groovy-xml-3.0.3.jar:/Users/imransayyed/.m2/repository/org/hamcrest/hamcrest/2.1/hamcrest-2.1.jar:/Users/imransayyed/.m2/repository/org/ccil/cowan/tagsoup/tagsoup/1.2.1/tagsoup-1.2.1.jar:/Users/imransayyed/.m2/repository/io/rest-assured/json-path/4.3.1/json-path-4.3.1.jar:/Users/imransayyed/.m2/repository/org/codehaus/groovy/groovy-json/3.0.3/groovy-json-3.0.3.jar:/Users/imransayyed/.m2/repository/io/rest-assured/rest-assured-common/4.3.1/rest-assured-common-4.3.1.jar:/Users/imransayyed/.m2/repository/io/rest-assured/xml-path/4.3.1/xml-path-4.3.1.jar:/Users/imransayyed/.m2/repository/org/apache/commons/commons-lang3/3.4/commons-lang3-3.4.jar:/Users/imransayyed/.m2/repository/jakarta/xml/bind/jakarta.xml.bind-api/2.3.3/jakarta.xml.bind-api-2.3.3.jar:/Users/imransayyed/.m2/repository/jakarta/activation/jakarta.activation-api/1.2.2/jakarta.activation-api-1.2.2.jar:/Users/imransayyed/.m2/repository/com/sun/xml/bind/jaxb-impl/2.3.3/jaxb-impl-2.3.3.jar:/Users/imransayyed/.m2/repository/org/apache/maven/surefire/surefire-testng-utils/2.22.0/surefire-testng-utils-2.22.0.jar:/Users/imransayyed/.m2/repository/org/apache/maven/surefire/surefire-grouper/2.22.0/surefire-grouper-2.22.0.jar:"/>
    <property name="java.vm.vendor" value="Oracle Corporation"/>
    <property name="sun.arch.data.model" value="64"/>
    <property name="java.vendor.url" value="http://java.oracle.com/"/>
    <property name="user.timezone" value=""/>
    <property name="java.vm.specification.version" value="1.8"/>
    <property name="os.name" value="Mac OS X"/>
    <property name="user.country" value="IN"/>
    <property name="sun.java.launcher" value="SUN_STANDARD"/>
    <property name="sun.boot.library.path" value="/Library/Java/JavaVirtualMachines/jdk1.8.0_321.jdk/Contents/Home/jre/lib"/>
    <property name="sun.java.command" value="/Users/imransayyed/Work/RestApiAutomation/RestAPITest/target/surefire/surefirebooter3388857892407539335.jar /Users/imransayyed/Work/RestApiAutomation/RestAPITest/target/surefire 2022-07-21T16-37-31_457-jvmRun1 surefire1587457543785548118tmp surefire_07794989052350007822tmp"/>
    <property name="http.nonProxyHosts" value="local|*.local|169.254/16|*.169.254/16"/>
    <property name="surefire.test.class.path" value="/Users/imransayyed/Work/RestApiAutomation/RestAPITest/target/test-classes:/Users/imransayyed/Work/RestApiAutomation/RestAPITest/target/classes:/Users/imransayyed/.m2/repository/org/seleniumhq/selenium/selenium-java/3.141.59/selenium-java-3.141.59.jar:/Users/imransayyed/.m2/repository/org/seleniumhq/selenium/selenium-api/3.141.59/selenium-api-3.141.59.jar:/Users/imransayyed/.m2/repository/org/seleniumhq/selenium/selenium-chrome-driver/3.141.59/selenium-chrome-driver-3.141.59.jar:/Users/imransayyed/.m2/repository/org/seleniumhq/selenium/selenium-edge-driver/3.141.59/selenium-edge-driver-3.141.59.jar:/Users/imransayyed/.m2/repository/org/seleniumhq/selenium/selenium-firefox-driver/3.141.59/selenium-firefox-driver-3.141.59.jar:/Users/imransayyed/.m2/repository/org/seleniumhq/selenium/selenium-ie-driver/3.141.59/selenium-ie-driver-3.141.59.jar:/Users/imransayyed/.m2/repository/org/seleniumhq/selenium/selenium-opera-driver/3.141.59/selenium-opera-driver-3.141.59.jar:/Users/imransayyed/.m2/repository/org/seleniumhq/selenium/selenium-remote-driver/3.141.59/selenium-remote-driver-3.141.59.jar:/Users/imransayyed/.m2/repository/org/seleniumhq/selenium/selenium-support/3.141.59/selenium-support-3.141.59.jar:/Users/imransayyed/.m2/repository/net/bytebuddy/byte-buddy/1.8.15/byte-buddy-1.8.15.jar:/Users/imransayyed/.m2/repository/org/apache/commons/commons-exec/1.3/commons-exec-1.3.jar:/Users/imransayyed/.m2/repository/com/google/guava/guava/25.0-jre/guava-25.0-jre.jar:/Users/imransayyed/.m2/repository/com/google/code/findbugs/jsr305/1.3.9/jsr305-1.3.9.jar:/Users/imransayyed/.m2/repository/org/checkerframework/checker-compat-qual/2.0.0/checker-compat-qual-2.0.0.jar:/Users/imransayyed/.m2/repository/com/google/errorprone/error_prone_annotations/2.1.3/error_prone_annotations-2.1.3.jar:/Users/imransayyed/.m2/repository/com/google/j2objc/j2objc-annotations/1.1/j2objc-annotations-1.1.jar:/Users/imransayyed/.m2/repository/org/codehaus/mojo/animal-sniffer-annotations/1.14/animal-sniffer-annotations-1.14.jar:/Users/imransayyed/.m2/repository/com/squareup/okhttp3/okhttp/3.11.0/okhttp-3.11.0.jar:/Users/imransayyed/.m2/repository/com/squareup/okio/okio/1.14.0/okio-1.14.0.jar:/Users/imransayyed/.m2/repository/org/testng/testng/6.14.3/testng-6.14.3.jar:/Users/imransayyed/.m2/repository/com/beust/jcommander/1.72/jcommander-1.72.jar:/Users/imransayyed/.m2/repository/org/apache-extras/beanshell/bsh/2.0b6/bsh-2.0b6.jar:/Users/imransayyed/.m2/repository/com/fasterxml/jackson/core/jackson-databind/2.11.2/jackson-databind-2.11.2.jar:/Users/imransayyed/.m2/repository/com/fasterxml/jackson/core/jackson-annotations/2.11.2/jackson-annotations-2.11.2.jar:/Users/imransayyed/.m2/repository/com/fasterxml/jackson/core/jackson-core/2.11.2/jackson-core-2.11.2.jar:/Users/imransayyed/.m2/repository/org/apache/httpcomponents/httpclient/4.5.9/httpclient-4.5.9.jar:/Users/imransayyed/.m2/repository/org/apache/httpcomponents/httpcore/4.4.11/httpcore-4.4.11.jar:/Users/imransayyed/.m2/repository/commons-logging/commons-logging/1.2/commons-logging-1.2.jar:/Users/imransayyed/.m2/repository/commons-codec/commons-codec/1.11/commons-codec-1.11.jar:/Users/imransayyed/.m2/repository/org/apache/httpcomponents/httpasyncclient/4.1.1/httpasyncclient-4.1.1.jar:/Users/imransayyed/.m2/repository/org/apache/httpcomponents/httpcore-nio/4.4.4/httpcore-nio-4.4.4.jar:/Users/imransayyed/.m2/repository/org/apache/httpcomponents/httpmime/4.3.3/httpmime-4.3.3.jar:/Users/imransayyed/.m2/repository/org/json/json/20140107/json-20140107.jar:/Users/imransayyed/.m2/repository/org/seleniumhq/selenium/selenium-safari-driver/3.14.0/selenium-safari-driver-3.14.0.jar:/Users/imransayyed/.m2/repository/com/mashape/unirest/unirest-java/1.4.9/unirest-java-1.4.9.jar:/Users/imransayyed/.m2/repository/javax/mail/mail/1.4/mail-1.4.jar:/Users/imransayyed/.m2/repository/javax/activation/activation/1.1/activation-1.1.jar:/Users/imransayyed/.m2/repository/com/aventstack/extentreports/4.0.9/extentreports-4.0.9.jar:/Users/imransayyed/.m2/repository/org/freemarker/freemarker/2.3.23/freemarker-2.3.23.jar:/Users/imransayyed/.m2/repository/org/mongodb/mongodb-driver/3.3.0/mongodb-driver-3.3.0.jar:/Users/imransayyed/.m2/repository/org/mongodb/mongodb-driver-core/3.3.0/mongodb-driver-core-3.3.0.jar:/Users/imransayyed/.m2/repository/org/mongodb/bson/3.3.0/bson-3.3.0.jar:/Users/imransayyed/.m2/repository/com/google/code/gson/gson/2.8.5/gson-2.8.5.jar:/Users/imransayyed/.m2/repository/commons-io/commons-io/2.6/commons-io-2.6.jar:/Users/imransayyed/.m2/repository/com/relevantcodes/extentreports/2.41.2/extentreports-2.41.2.jar:/Users/imransayyed/.m2/repository/org/jsoup/jsoup/1.8.3/jsoup-1.8.3.jar:/Users/imransayyed/.m2/repository/org/xerial/sqlite-jdbc/3.8.11.1/sqlite-jdbc-3.8.11.1.jar:/Users/imransayyed/.m2/repository/org/apache/poi/poi/4.1.2/poi-4.1.2.jar:/Users/imransayyed/.m2/repository/org/apache/commons/commons-collections4/4.4/commons-collections4-4.4.jar:/Users/imransayyed/.m2/repository/org/apache/commons/commons-math3/3.6.1/commons-math3-3.6.1.jar:/Users/imransayyed/.m2/repository/com/zaxxer/SparseBitSet/1.2/SparseBitSet-1.2.jar:/Users/imransayyed/.m2/repository/org/apache/poi/poi-ooxml/4.1.2/poi-ooxml-4.1.2.jar:/Users/imransayyed/.m2/repository/org/apache/poi/poi-ooxml-schemas/4.1.2/poi-ooxml-schemas-4.1.2.jar:/Users/imransayyed/.m2/repository/org/apache/xmlbeans/xmlbeans/3.1.0/xmlbeans-3.1.0.jar:/Users/imransayyed/.m2/repository/org/apache/commons/commons-compress/1.19/commons-compress-1.19.jar:/Users/imransayyed/.m2/repository/com/github/virtuald/curvesapi/1.06/curvesapi-1.06.jar:/Users/imransayyed/.m2/repository/io/rest-assured/rest-assured/4.3.1/rest-assured-4.3.1.jar:/Users/imransayyed/.m2/repository/org/codehaus/groovy/groovy/3.0.3/groovy-3.0.3.jar:/Users/imransayyed/.m2/repository/org/codehaus/groovy/groovy-xml/3.0.3/groovy-xml-3.0.3.jar:/Users/imransayyed/.m2/repository/org/hamcrest/hamcrest/2.1/hamcrest-2.1.jar:/Users/imransayyed/.m2/repository/org/ccil/cowan/tagsoup/tagsoup/1.2.1/tagsoup-1.2.1.jar:/Users/imransayyed/.m2/repository/io/rest-assured/json-path/4.3.1/json-path-4.3.1.jar:/Users/imransayyed/.m2/repository/org/codehaus/groovy/groovy-json/3.0.3/groovy-json-3.0.3.jar:/Users/imransayyed/.m2/repository/io/rest-assured/rest-assured-common/4.3.1/rest-assured-common-4.3.1.jar:/Users/imransayyed/.m2/repository/io/rest-assured/xml-path/4.3.1/xml-path-4.3.1.jar:/Users/imransayyed/.m2/repository/org/apache/commons/commons-lang3/3.4/commons-lang3-3.4.jar:/Users/imransayyed/.m2/repository/jakarta/xml/bind/jakarta.xml.bind-api/2.3.3/jakarta.xml.bind-api-2.3.3.jar:/Users/imransayyed/.m2/repository/jakarta/activation/jakarta.activation-api/1.2.2/jakarta.activation-api-1.2.2.jar:/Users/imransayyed/.m2/repository/com/sun/xml/bind/jaxb-impl/2.3.3/jaxb-impl-2.3.3.jar:/Users/imransayyed/.m2/repository/org/apache/maven/surefire/surefire-testng-utils/2.22.0/surefire-testng-utils-2.22.0.jar:/Users/imransayyed/.m2/repository/org/apache/maven/surefire/surefire-grouper/2.22.0/surefire-grouper-2.22.0.jar:"/>
    <property name="sun.cpu.endian" value="little"/>
    <property name="user.home" value="/Users/imransayyed"/>
    <property name="user.language" value="en"/>
    <property name="java.specification.vendor" value="Oracle Corporation"/>
    <property name="java.home" value="/Library/Java/JavaVirtualMachines/jdk1.8.0_321.jdk/Contents/Home/jre"/>
    <property name="basedir" value="/Users/imransayyed/Work/RestApiAutomation/RestAPITest"/>
    <property name="file.separator" value="/"/>
    <property name="line.separator" value="&#10;"/>
    <property name="java.vm.specification.vendor" value="Oracle Corporation"/>
    <property name="java.specification.name" value="Java Platform API Specification"/>
    <property name="java.awt.graphicsenv" value="sun.awt.CGraphicsEnvironment"/>
    <property name="surefire.real.class.path" value="/Users/imransayyed/Work/RestApiAutomation/RestAPITest/target/surefire/surefirebooter3388857892407539335.jar"/>
    <property name="sun.boot.class.path" value="/Library/Java/JavaVirtualMachines/jdk1.8.0_321.jdk/Contents/Home/jre/lib/resources.jar:/Library/Java/JavaVirtualMachines/jdk1.8.0_321.jdk/Contents/Home/jre/lib/rt.jar:/Library/Java/JavaVirtualMachines/jdk1.8.0_321.jdk/Contents/Home/jre/lib/sunrsasign.jar:/Library/Java/JavaVirtualMachines/jdk1.8.0_321.jdk/Contents/Home/jre/lib/jsse.jar:/Library/Java/JavaVirtualMachines/jdk1.8.0_321.jdk/Contents/Home/jre/lib/jce.jar:/Library/Java/JavaVirtualMachines/jdk1.8.0_321.jdk/Contents/Home/jre/lib/charsets.jar:/Library/Java/JavaVirtualMachines/jdk1.8.0_321.jdk/Contents/Home/jre/lib/jfr.jar:/Library/Java/JavaVirtualMachines/jdk1.8.0_321.jdk/Contents/Home/jre/classes"/>
    <property name="sun.management.compiler" value="HotSpot 64-Bit Tiered Compilers"/>
    <property name="ftp.nonProxyHosts" value="local|*.local|169.254/16|*.169.254/16"/>
    <property name="java.runtime.version" value="1.8.0_321-b07"/>
    <property name="user.name" value="imransayyed"/>
    <property name="path.separator" value=":"/>
    <property name="os.version" value="12.4"/>
    <property name="java.endorsed.dirs" value="/Library/Java/JavaVirtualMachines/jdk1.8.0_321.jdk/Contents/Home/jre/lib/endorsed"/>
    <property name="java.runtime.name" value="Java(TM) SE Runtime Environment"/>
    <property name="file.encoding" value="UTF-8"/>
    <property name="java.vm.name" value="Java HotSpot(TM) 64-Bit Server VM"/>
    <property name="localRepository" value="/Users/imransayyed/.m2/repository"/>
    <property name="java.vendor.url.bug" value="http://bugreport.sun.com/bugreport/"/>
    <property name="java.io.tmpdir" value="/var/folders/f4/735nxgts48qdxkgs69vlhdnc0000gp/T/"/>
    <property name="java.version" value="1.8.0_321"/>
    <property name="user.dir" value="/Users/imransayyed/Work/RestApiAutomation/RestAPITest"/>
    <property name="os.arch" value="x86_64"/>
    <property name="java.vm.specification.name" value="Java Virtual Machine Specification"/>
    <property name="java.awt.printerjob" value="sun.lwawt.macosx.CPrinterJob"/>
    <property name="sun.os.patch.level" value="unknown"/>
    <property name="java.library.path" value="/Users/imransayyed/Library/Java/Extensions:/Library/Java/Extensions:/Network/Library/Java/Extensions:/System/Library/Java/Extensions:/usr/lib/java:."/>
    <property name="java.vm.info" value="mixed mode"/>
    <property name="java.vendor" value="Oracle Corporation"/>
    <property name="java.vm.version" value="25.321-b07"/>
    <property name="java.ext.dirs" value="/Users/imransayyed/Library/Java/Extensions:/Library/Java/JavaVirtualMachines/jdk1.8.0_321.jdk/Contents/Home/jre/lib/ext:/Library/Java/Extensions:/Network/Library/Java/Extensions:/System/Library/Java/Extensions:/usr/lib/java"/>
    <property name="sun.io.unicode.encoding" value="UnicodeBig"/>
    <property name="java.class.version" value="52.0"/>
    <property name="socksNonProxyHosts" value="local|*.local|169.254/16|*.169.254/16"/>
  </properties>
  <testcase name="createApiKey" classname="CT_APITesting.BasicTest" time="3.475"/>
  <testcase name="listApiKeys" classname="CT_APITesting.BasicTest" time="1.7"/>
  <testcase name="getAPI" classname="CT_APITesting.BasicTest" time="1.482"/>
  <testcase name="updateApi" classname="CT_APITesting.BasicTest" time="1.541"/>
  <testcase name="deleteApiKey" classname="CT_APITesting.BasicTest" time="1.396"/>
  <testcase name="createRoles" classname="CT_APITesting.RolesTest" time="1.558"/>
  <testcase name="listRoles" classname="CT_APITesting.RolesTest" time="1.322"/>
  <testcase name="getRoles" classname="CT_APITesting.RolesTest" time="1.405"/>
  <testcase name="updateRoles" classname="CT_APITesting.RolesTest" time="1.27"/>
  <testcase name="deleteRoles" classname="CT_APITesting.RolesTest" time="1.36"/>
  <testcase name="createUser" classname="CT_APITesting.UsersTest" time="1.483"/>
  <testcase name="listUsers" classname="CT_APITesting.UsersTest" time="1.243"/>
  <testcase name="deactivateUsers" classname="CT_APITesting.UsersTest" time="1.231"/>
  <testcase name="reactivateUsers" classname="CT_APITesting.UsersTest" time="1.528"/>
  <testcase name="getUsers" classname="CT_APITesting.UsersTest" time="1.518"/>
  <testcase name="updateRoles" classname="CT_APITesting.UsersTest" time="0"/>
  <testcase name="deleteUsers" classname="CT_APITesting.UsersTest" time="1.269"/>
  <testcase name="blockUsers" classname="CT_APITesting.UsersTest" time="1.257"/>
  <testcase name="listOfBlockedUsers" classname="CT_APITesting.UsersTest" time="1.334"/>
  <testcase name="unBlockUsers" classname="CT_APITesting.UsersTest" time="1.296"/>
  <testcase name="createAuthToken" classname="CT_APITesting.AuthTokenTest" time="2.818"/>
  <testcase name="listAuthtoken" classname="CT_APITesting.AuthTokenTest" time="1.334"/>
  <testcase name="getAuthToken" classname="CT_APITesting.AuthTokenTest" time="1.37"/>
  <testcase name="reactivateUsers" classname="CT_APITesting.AuthTokenTest" time="0"/>
  <testcase name="getRoles" classname="CT_APITesting.AuthTokenTest" time="0"/>
  <testcase name="updateRoles" classname="CT_APITesting.AuthTokenTest" time="0"/>
  <testcase name="deleteAuthToken" classname="CT_APITesting.AuthTokenTest" time="1.205"/>
</testsuite>