<?xml version="1.0" encoding="UTF-8"?>
<!-- Generated by org.testng.reporters.JUnitReportReporter -->
<testsuite skipped="0" hostname="admins-MacBook-Air-2.local" name="CT_APITesting.UsersTest" tests="10" failures="0" timestamp="21 Jul 2022 11:08:11 GMT" time="12.571" errors="0">
  <testcase name="createUser" time="1.534" classname="CT_APITesting.UsersTest"/>
  <testcase name="listUsers" time="1.283" classname="CT_APITesting.UsersTest"/>
  <testcase name="deactivateUsers" time="1.269" classname="CT_APITesting.UsersTest"/>
  <testcase name="reactivateUsers" time="1.547" classname="CT_APITesting.UsersTest"/>
  <testcase name="getUsers" time="1.578" classname="CT_APITesting.UsersTest"/>
  <testcase name="updateRoles" time="0.058" classname="CT_APITesting.UsersTest"/>
  <testcase name="deleteUsers" time="1.303" classname="CT_APITesting.UsersTest"/>
  <testcase name="blockUsers" time="1.294" classname="CT_APITesting.UsersTest"/>
  <testcase name="listOfBlockedUsers" time="1.367" classname="CT_APITesting.UsersTest"/>
  <testcase name="unBlockUsers" time="1.338" classname="CT_APITesting.UsersTest"/>
</testsuite> <!-- CT_APITesting.UsersTest -->
