<?xml version="1.0" encoding="UTF-8"?>
<!-- Generated by org.testng.reporters.JUnitReportReporter -->
<testsuite skipped="0" hostname="admins-MacBook-Air-2.local" name="CT_APITesting.UsersTest" tests="1" failures="0" timestamp="19 Jul 2022 08:38:50 GMT" time="4.328" errors="0">
  <testcase name="createUser" time="4.328" classname="CT_APITesting.UsersTest"/>
</testsuite> <!-- CT_APITesting.UsersTest -->
