<?xml version="1.0" encoding="UTF-8"?>
<!-- Generated by org.testng.reporters.JUnitReportReporter -->
<testsuite skipped="0" hostname="admins-MacBook-Air-2.local" name="CT_APITesting.AuthTokenTest" tests="7" failures="0" timestamp="21 Jul 2022 11:08:11 GMT" time="6.950" errors="0">
  <testcase name="createAuthToken" time="2.859" classname="CT_APITesting.AuthTokenTest"/>
  <testcase name="listAuthtoken" time="1.348" classname="CT_APITesting.AuthTokenTest"/>
  <testcase name="getAuthToken" time="1.428" classname="CT_APITesting.AuthTokenTest"/>
  <testcase name="reactivateUsers" time="0.030" classname="CT_APITesting.AuthTokenTest"/>
  <testcase name="getRoles" time="0.018" classname="CT_APITesting.AuthTokenTest"/>
  <testcase name="updateRoles" time="0.020" classname="CT_APITesting.AuthTokenTest"/>
  <testcase name="deleteAuthToken" time="1.247" classname="CT_APITesting.AuthTokenTest"/>
</testsuite> <!-- CT_APITesting.AuthTokenTest -->
