<?xml version="1.0" encoding="UTF-8"?>
<!-- Generated by org.testng.reporters.JUnitReportReporter -->
<testsuite skipped="0" hostname="admins-MacBook-Air-2.local" name="CT_APITesting.RolesTest" tests="1" failures="0" timestamp="19 Jul 2022 08:38:50 GMT" time="1.489" errors="0">
  <testcase name="createRoles" time="1.489" classname="CT_APITesting.RolesTest"/>
</testsuite> <!-- CT_APITesting.RolesTest -->
