<?xml version="1.0" encoding="UTF-8"?>
<!-- Generated by org.testng.reporters.JUnitReportReporter -->
<testsuite skipped="0" hostname="admins-MacBook-Air-2.local" name="CT_APITesting.RolesTest" tests="5" failures="0" timestamp="21 Jul 2022 11:08:11 GMT" time="7.149" errors="0">
  <testcase name="createRoles" time="1.600" classname="CT_APITesting.RolesTest"/>
  <testcase name="listRoles" time="1.380" classname="CT_APITesting.RolesTest"/>
  <testcase name="getRoles" time="1.449" classname="CT_APITesting.RolesTest"/>
  <testcase name="updateRoles" time="1.335" classname="CT_APITesting.RolesTest"/>
  <testcase name="deleteRoles" time="1.385" classname="CT_APITesting.RolesTest"/>
</testsuite> <!-- CT_APITesting.RolesTest -->
