<?xml version="1.0" encoding="UTF-8"?>
<!-- Generated by org.testng.reporters.JUnitReportReporter -->
<testsuite skipped="0" hostname="admins-MacBook-Air-2.local" name="CT_APITesting.BasicTest" tests="5" failures="0" timestamp="21 Jul 2022 11:08:11 GMT" time="10.063" errors="0">
  <testcase name="createApiKey" time="3.537" classname="CT_APITesting.BasicTest"/>
  <testcase name="listApiKeys" time="1.767" classname="CT_APITesting.BasicTest"/>
  <testcase name="getAPI" time="1.702" classname="CT_APITesting.BasicTest"/>
  <testcase name="updateApi" time="1.600" classname="CT_APITesting.BasicTest"/>
  <testcase name="deleteApiKey" time="1.457" classname="CT_APITesting.BasicTest"/>
</testsuite> <!-- CT_APITesting.BasicTest -->
